                                                                                        QUERY PLAN                                                                                        
------------------------------------------------------------------------------------------------------------------------------------------------------------------------------------------
 Limit  (cost=18183232.20..18183232.25 rows=20 width=202)
   ->  Sort  (cost=18183232.20..18197156.40 rows=5569681 width=202)
         Sort Key: (sum((lineitem.l_extendedprice * ('1'::numeric - lineitem.l_discount)))) DESC
         ->  Finalize GroupAggregate  (cost=17207258.53..18035024.99 rows=5569681 width=202)
               Group Key: customer.c_custkey, nation.n_name
               ->  Gather Merge  (cost=17207258.53..17909707.18 rows=5569680 width=202)
                     Workers Planned: 6
                     ->  Partial GroupAggregate  (cost=17206258.43..17231786.13 rows=928280 width=202)
                           Group Key: customer.c_custkey, nation.n_name
                           ->  Sort  (cost=17206258.43..17208579.13 rows=928280 width=182)
                                 Sort Key: customer.c_custkey, nation.n_name
                                 ->  Hash Join  (cost=16507648.22..17031751.39 rows=928280 width=182)
                                       Hash Cond: (customer.c_nationkey = nation.n_nationkey)
                                       ->  Parallel Hash Join  (cost=16507646.66..17028900.01 rows=928280 width=164)
                                             Hash Cond: (customer.c_custkey = orders.o_custkey)
                                             ->  Parallel Seq Scan on customer  (cost=0.00..396091.00 rows=2500000 width=152)
                                             ->  Parallel Hash  (cost=16494864.04..16494864.04 rows=696210 width=20)
                                                   ->  Parallel Hash Join  (cost=3070146.46..16494864.04 rows=696210 width=20)
                                                         Hash Cond: (lineitem.l_orderkey = orders.o_orderkey)
                                                         ->  Parallel Seq Scan on lineitem  (cost=0.00..13156510.20 rows=18457666 width=20)
                                                               Filter: (l_returnflag = 'R'::bpchar)
                                                         ->  Parallel Hash  (cost=3057852.00..3057852.00 rows=707237 width=12)
                                                               ->  Parallel Seq Scan on orders  (cost=0.00..3057852.00 rows=707237 width=12)
                                                                     Filter: ((o_orderdate >= '1993-08-01'::date) AND (o_orderdate < '1993-11-01 00:00:00'::timestamp without time zone))
                                       ->  Hash  (cost=1.25..1.25 rows=25 width=30)
                                             ->  Seq Scan on nation  (cost=0.00..1.25 rows=25 width=30)
(26 rows)

